Release 14.5 - xst P.58f (nt64)
Copyright (c) 1995-2012 Xilinx, Inc.  All rights reserved.
--> Parameter TMPDIR set to xst/projnav.tmp


Total REAL time to Xst completion: 1.00 secs
Total CPU time to Xst completion: 0.08 secs
 
--> Parameter xsthdpdir set to xst


Total REAL time to Xst completion: 1.00 secs
Total CPU time to Xst completion: 0.08 secs
 
--> Reading design: lab10_demo.prj

TABLE OF CONTENTS
  1) Synthesis Options Summary
  2) HDL Parsing
  3) HDL Elaboration
  4) HDL Synthesis
       4.1) HDL Synthesis Report
  5) Advanced HDL Synthesis
       5.1) Advanced HDL Synthesis Report
  6) Low Level Synthesis
  7) Partition Report
  8) Design Summary
       8.1) Primitive and Black Box Usage
       8.2) Device utilization summary
       8.3) Partition Resource Summary
       8.4) Timing Report
            8.4.1) Clock Information
            8.4.2) Asynchronous Control Signals Information
            8.4.3) Timing Summary
            8.4.4) Timing Details
            8.4.5) Cross Clock Domains Report


=========================================================================
*                      Synthesis Options Summary                        *
=========================================================================
---- Source Parameters
Input File Name                    : "lab10_demo.prj"
Ignore Synthesis Constraint File   : NO

---- Target Parameters
Output File Name                   : "lab10_demo"
Output Format                      : NGC
Target Device                      : xc6slx16-3-csg324

---- Source Options
Top Module Name                    : lab10_demo
Automatic FSM Extraction           : YES
FSM Encoding Algorithm             : Auto
Safe Implementation                : No
FSM Style                          : LUT
RAM Extraction                     : Yes
RAM Style                          : Auto
ROM Extraction                     : Yes
Shift Register Extraction          : YES
ROM Style                          : Auto
Resource Sharing                   : YES
Asynchronous To Synchronous        : NO
Shift Register Minimum Size        : 2
Use DSP Block                      : Auto
Automatic Register Balancing       : No

---- Target Options
LUT Combining                      : Auto
Reduce Control Sets                : Auto
Add IO Buffers                     : YES
Global Maximum Fanout              : 100000
Add Generic Clock Buffer(BUFG)     : 16
Register Duplication               : YES
Optimize Instantiated Primitives   : NO
Use Clock Enable                   : Auto
Use Synchronous Set                : Auto
Use Synchronous Reset              : Auto
Pack IO Registers into IOBs        : Auto
Equivalent register Removal        : YES

---- General Options
Optimization Goal                  : Speed
Optimization Effort                : 1
Power Reduction                    : NO
Keep Hierarchy                     : No
Netlist Hierarchy                  : As_Optimized
RTL Output                         : Yes
Global Optimization                : AllClockNets
Read Cores                         : YES
Write Timing Constraints           : NO
Cross Clock Analysis               : NO
Hierarchy Separator                : /
Bus Delimiter                      : <>
Case Specifier                     : Maintain
Slice Utilization Ratio            : 100
BRAM Utilization Ratio             : 100
DSP48 Utilization Ratio            : 100
Auto BRAM Packing                  : NO
Slice Utilization Ratio Delta      : 5

=========================================================================


=========================================================================
*                          HDL Parsing                                  *
=========================================================================
Parsing VHDL file "C:\labs\Lab11\uart_tx_char.vhd" into library work
Parsing entity <UART_tx_chr>.
Parsing architecture <Beh> of entity <uart_tx_chr>.
Parsing VHDL file "C:\labs\Lab11\sseg.vhd" into library work
Parsing package <sseg>.
Parsing package body <sseg>.
Parsing VHDL file "C:\labs\Lab11\hex_to_ascii.vhd" into library work
Parsing entity <hex_to_ascii>.
Parsing architecture <Behavioral> of entity <hex_to_ascii>.
Parsing VHDL file "C:\labs\Lab11\uart_print.vhd" into library work
Parsing entity <uart_print>.
Parsing architecture <Behavioral> of entity <uart_print>.
Parsing VHDL file "C:\labs\Lab11\sseg_display.vhd" into library work
Parsing entity <sseg_display>.
Parsing architecture <Behavioral> of entity <sseg_display>.
Parsing VHDL file "C:\labs\Lab11\fetch.vhd" into library work
Parsing entity <fetch>.
Parsing architecture <Behavioral> of entity <fetch>.
Parsing VHDL file "C:\labs\Lab11\execute.vhd" into library work
Parsing entity <execute>.
Parsing architecture <Behavioral> of entity <execute>.
Parsing VHDL file "C:\labs\Lab11\decode.vhd" into library work
Parsing entity <decode>.
Parsing architecture <Behavioral> of entity <decode>.
Parsing VHDL file "C:\labs\Lab11\debounce2.vhd" into library work
Parsing entity <debounce2>.
Parsing architecture <fsmd> of entity <debounce2>.
Parsing VHDL file "C:\labs\Lab11\data.vhd" into library work
Parsing entity <data>.
Parsing architecture <Behavioral> of entity <data>.
Parsing VHDL file "C:\labs\Lab11\control.vhd" into library work
Parsing entity <control>.
Parsing architecture <Behavioral> of entity <control>.
WARNING:HDLCompiler:1369 - "C:\labs\Lab11\control.vhd" Line 35: Possible infinite loop; process does not have a wait statement
Parsing VHDL file "C:\labs\Lab11\top_module.vhd" into library work
Parsing entity <top_module>.
Parsing architecture <Behavioral> of entity <lab10_demo>.
ERROR:HDLCompiler:374 - "C:\labs\Lab11\top_module.vhd" Line 34: Entity <lab10_demo> is not yet compiled.
ERROR:HDLCompiler:69 - "C:\labs\Lab11\top_module.vhd" Line 35: <std_logic_vector> is not declared.
ERROR:HDLCompiler:69 - "C:\labs\Lab11\top_module.vhd" Line 36: <std_logic> is not declared.
ERROR:HDLCompiler:69 - "C:\labs\Lab11\top_module.vhd" Line 37: <std_logic> is not declared.
ERROR:HDLCompiler:69 - "C:\labs\Lab11\top_module.vhd" Line 38: <std_logic_vector> is not declared.
ERROR:HDLCompiler:69 - "C:\labs\Lab11\top_module.vhd" Line 39: <std_logic_vector> is not declared.
ERROR:HDLCompiler:69 - "C:\labs\Lab11\top_module.vhd" Line 40: <std_logic> is not declared.
ERROR:HDLCompiler:69 - "C:\labs\Lab11\top_module.vhd" Line 41: <std_logic> is not declared.
ERROR:HDLCompiler:69 - "C:\labs\Lab11\top_module.vhd" Line 42: <std_logic_vector> is not declared.
ERROR:HDLCompiler:69 - "C:\labs\Lab11\top_module.vhd" Line 43: <std_logic_vector> is not declared.
ERROR:HDLCompiler:69 - "C:\labs\Lab11\top_module.vhd" Line 44: <std_logic_vector> is not declared.
ERROR:HDLCompiler:69 - "C:\labs\Lab11\top_module.vhd" Line 45: <std_logic_vector> is not declared.
ERROR:HDLCompiler:69 - "C:\labs\Lab11\top_module.vhd" Line 47: <std_logic> is not declared.
ERROR:HDLCompiler:69 - "C:\labs\Lab11\top_module.vhd" Line 48: <std_logic_vector> is not declared.
ERROR:HDLCompiler:69 - "C:\labs\Lab11\top_module.vhd" Line 50: <unsigned> is not declared.
ERROR:HDLCompiler:69 - "C:\labs\Lab11\top_module.vhd" Line 56: <pclk> is not declared.
ERROR:HDLCompiler:69 - "C:\labs\Lab11\top_module.vhd" Line 55: <rising_edge> is not declared.
ERROR:HDLCompiler:69 - "C:\labs\Lab11\top_module.vhd" Line 53: <mclk> is not declared.
ERROR:HDLCompiler:69 - "C:\labs\Lab11\top_module.vhd" Line 60: <pclk_next> is not declared.
Sorry, too many errors..
--> 

Total memory usage is 203932 kilobytes

Number of errors   :   19 (   0 filtered)
Number of warnings :    1 (   0 filtered)
Number of infos    :    0 (   0 filtered)

